<?xml version="1.0" encoding="UTF-8"?>
<testsuite xmlns:xsi="http://www.w3.org/2001/XMLSchema-instance" xsi:noNamespaceSchemaLocation="https://maven.apache.org/surefire/maven-surefire-plugin/xsd/surefire-test-report-3.0.xsd" version="3.0" name="com.example.sportsbook.BetControllerTest" time="1.831" tests="3" errors="0" skipped="0" failures="0">
  <properties>
[...]
</properties>
  <testcase name="placeBet_invalidSelection_throwsBadRequest" classname="com.example.sportsbook.BetControllerTest" time="1.648">
    <system-out><![CDATA[21:49:02.897 [main] INFO org.springframework.mock.web.MockServletContext -- Initializing Spring TestDispatcherServlet ''
21:49:02.897 [main] INFO org.springframework.test.web.servlet.TestDispatcherServlet -- Initializing Servlet ''
21:49:02.897 [main] INFO org.springframework.test.web.servlet.TestDispatcherServlet -- Completed initialization in 0 ms
]]></system-out>
  </testcase>
  <testcase name="getUserBets_empty_returnsEmptyArray" classname="com.example.sportsbook.BetControllerTest" time="0.117">
    <system-out><![CDATA[21:49:03.139 [main] INFO org.springframework.mock.web.MockServletContext -- Initializing Spring TestDispatcherServlet ''
21:49:03.139 [main] INFO org.springframework.test.web.servlet.TestDispatcherServlet -- Initializing Servlet ''
21:49:03.139 [main] INFO org.springframework.test.web.servlet.TestDispatcherServlet -- Completed initialization in 0 ms
]]></system-out>
  </testcase>
  <testcase name="placeBet_missingEvent_throwsBadRequest" classname="com.example.sportsbook.BetControllerTest" time="0.041">
    <system-out><![CDATA[21:49:03.250 [main] INFO org.springframework.mock.web.MockServletContext -- Initializing Spring TestDispatcherServlet ''
21:49:03.250 [main] INFO org.springframework.test.web.servlet.TestDispatcherServlet -- Initializing Servlet ''
21:49:03.262 [main] INFO org.springframework.test.web.servlet.TestDispatcherServlet -- Completed initialization in 12 ms
]]></system-out>
  </testcase>
</testsuite>